<?xml version="1.0" encoding="UTF-8"?>
<!-- Generated by org.testng.reporters.JUnitXMLReporter -->
<testsuite hostname="DESKTOP-4J4I018" ignored="0" name="TestActivity" tests="5" failures="1" timestamp="2021-10-20T08:51:40 IST" time="32.175" errors="0">
  <testcase name="TSix" time="1.587" classname="Demo.OtherActivity"/>
  <testcase name="tSixofFour" time="0.034" classname="Demo.OtherActivity"/>
  <testcase name="tSixofThree" time="1.828" classname="Demo.OtherActivity"/>
  <testcase name="tSixofTwo" time="0.873" classname="Demo.OtherActivity"/>
  <testcase name="testCSelfkudos" time="10.998" classname="Demo.OtherActivity">
    <failure type="java.lang.AssertionError" message="expected [false] but found [true]">
      <![CDATA[java.lang.AssertionError: expected [false] but found [true]
at Demo.OtherActivity.testCSelfkudos(OtherActivity.java:152)
at java.util.ArrayList.forEach(ArrayList.java:1259)
... Removed 31 stack frames]]>
    </failure>
  </testcase> <!-- testCSelfkudos -->
</testsuite> <!-- TestActivity -->
